{"body":{"email":"electroshok998@gmail.com","name":"123","password":"123","phone_number":"123"},"ip":"::1","level":"info","message":"[POST] /api/user/register","params":{},"query":{},"timestamp":"2025-08-17T09:46:08.184Z"}
{"body":{"email":"electroshok998@gmail.com","name":"123","password":"123","phone_number":"123"},"ip":"::1","level":"info","message":"[POST] /api/user/register","params":{},"query":{},"timestamp":"2025-08-17T09:46:11.905Z"}
{"body":{"email":"electroshok998@gmail.com","name":"123","password":"123","phone_number":"123"},"ip":"::1","level":"info","message":"[POST] /api/user/register","params":{},"query":{},"timestamp":"2025-08-17T09:46:12.378Z"}
{"body":{"email":"electroshok998@gmail.com","name":"123","password":"123","phone_number":"123"},"ip":"::1","level":"info","message":"[POST] /api/user/register","params":{},"query":{},"timestamp":"2025-08-17T09:46:12.548Z"}
{"body":{"email":"electroshok998@gmail.com","name":"123","password":"123","phone_number":"123"},"ip":"::1","level":"info","message":"[POST] /api/user/register","params":{},"query":{},"timestamp":"2025-08-17T09:46:12.900Z"}
{"body":{"email":"electroshok998@gmail.com","name":"123","password":"123","phone_number":"123"},"ip":"::1","level":"info","message":"[POST] /api/user/register","params":{},"query":{},"timestamp":"2025-08-17T09:46:13.111Z"}
{"body":{"email":"electroshok998@gmail.com","name":"123","password":"123","phone_number":"123"},"ip":"::1","level":"info","message":"[POST] /api/user/register","params":{},"query":{},"timestamp":"2025-08-17T09:46:13.267Z"}
{"body":{"email":"electroshok998@gmail.com","name":"123","password":"123","phone_number":"123"},"ip":"::1","level":"info","message":"[POST] /api/user/register","params":{},"query":{},"timestamp":"2025-08-17T09:46:13.433Z"}
{"body":{"email":"electroshok998@gmail.com","name":"123","password":"123","phone_number":"123"},"ip":"::1","level":"info","message":"[POST] /api/user/register","params":{},"query":{},"timestamp":"2025-08-17T09:46:17.003Z"}
{"body":{"email":"electroshok998@gmail.com","name":"123","password":"123","phone_number":"123"},"ip":"::1","level":"info","message":"[POST] /api/user/register","params":{},"query":{},"timestamp":"2025-08-17T09:47:37.939Z"}
{"body":{"email":"123@gmail.com","name":"23","password":"123","phone_number":"123"},"ip":"::1","level":"info","message":"[POST] /api/user/register","params":{},"query":{},"timestamp":"2025-08-17T09:50:04.574Z"}
{"body":{"email":"123@gmail.com","name":"23","password":"123","phone_number":"123"},"ip":"::1","level":"info","message":"[POST] /api/user/register","params":{},"query":{},"timestamp":"2025-08-17T09:52:09.637Z"}
{"body":{"email":"123@gmail.com","name":"23","password":"123","phone_number":"123"},"ip":"::1","level":"info","message":"[POST] /api/user/register","params":{},"query":{},"timestamp":"2025-08-17T09:52:10.753Z"}
{"body":{"email":"123@gmail.com","name":"23","password":"123","phone_number":"123"},"ip":"::1","level":"info","message":"[POST] /api/user/register","params":{},"query":{},"timestamp":"2025-08-17T09:52:27.214Z"}
{"body":{"email":"123@gmail.com","name":"23","password":"123","phone_number":"123"},"ip":"::1","level":"info","message":"[POST] /api/user/register","params":{},"query":{},"timestamp":"2025-08-17T09:52:27.985Z"}
{"body":{"email":"123@gmail.com","name":"23","password":"123","phone_number":"123"},"ip":"::1","level":"info","message":"[POST] /api/user/register","params":{},"query":{},"timestamp":"2025-08-17T09:54:27.024Z"}
{"body":{"email":"123@gmail.com","name":"23","password":"123","phone_number":"123"},"ip":"::1","level":"info","message":"[POST] /api/user/register","params":{},"query":{},"timestamp":"2025-08-17T09:55:26.067Z"}
{"body":{"email":"123@gmail.com","name":"23","password":"123","phone_number":"123"},"ip":"::1","level":"info","message":"[POST] /api/user/register","params":{},"query":{},"timestamp":"2025-08-17T09:55:49.574Z"}
{"body":{"email":"123@gmail.com","name":"23","password":"123","phone_number":"123"},"ip":"::1","level":"info","message":"[POST] /api/user/register","params":{},"query":{},"timestamp":"2025-08-17T09:56:31.556Z"}
{"body":{"email":"123@gmail.com","name":"23","password":"123","phone_number":"123"},"ip":"::1","level":"info","message":"[POST] /api/user/register","params":{},"query":{},"timestamp":"2025-08-17T09:57:33.576Z"}
{"body":{"email":"123@gmail.com","name":"23","password":"123","phone_number":"123"},"ip":"::1","level":"info","message":"[POST] /api/user/register","params":{},"query":{},"timestamp":"2025-08-17T09:58:40.545Z"}
{"body":{"email":"123@gmail.com","name":"23","password":"123","phone_number":"123"},"ip":"::1","level":"info","message":"[POST] /api/user/register","params":{},"query":{},"timestamp":"2025-08-17T10:01:18.665Z"}
{"body":{"email":"123@gmail.com","name":"23","password":"123","phone_number":"123"},"ip":"::1","level":"info","message":"[POST] /api/user/register","params":{},"query":{},"timestamp":"2025-08-17T10:02:46.401Z"}
{"body":{"email":"123@gmail.com","name":"23","password":"123","phone_number":"123"},"ip":"::1","level":"info","message":"[POST] /api/user/register","params":{},"query":{},"timestamp":"2025-08-17T10:02:48.949Z"}
{"body":{"email":"123@gmail.com","name":"23","password":"123","phone_number":"123"},"ip":"::1","level":"info","message":"[POST] /api/user/register","params":{},"query":{},"timestamp":"2025-08-17T10:05:04.618Z"}
{"body":{"email":"1423@gmail.com","name":"23","password":"123","phone_number":"123"},"ip":"::1","level":"info","message":"[POST] /api/user/register","params":{},"query":{},"timestamp":"2025-08-17T10:05:10.387Z"}
{"body":{"email":"1423@gmail.com","name":"23","password":"123","phone_number":"1231"},"ip":"::1","level":"info","message":"[POST] /api/user/register","params":{},"query":{},"timestamp":"2025-08-17T10:05:14.280Z"}
{"body":{"email":"14213@gmail.com","name":"23","password":"123","phone_number":"12311"},"ip":"::1","level":"info","message":"[POST] /api/user/register","params":{},"query":{},"timestamp":"2025-08-17T10:06:50.203Z"}
{"body":{"email":"14213@gmail.com","name":"23","password":"123","phone_number":"12311"},"ip":"::1","level":"info","message":"[POST] /api/user/register","params":{},"query":{},"timestamp":"2025-08-17T10:08:39.267Z"}
{"body":{"email":"142113@gmail.com","name":"23","password":"123","phone_number":"123111"},"ip":"::1","level":"info","message":"[POST] /api/user/register","params":{},"query":{},"timestamp":"2025-08-17T10:08:45.408Z"}
{"body":{"email":{"email":"123@gmail.com","password":"123"}},"ip":"::1","level":"info","message":"[POST] /api/user/login","params":{},"query":{},"timestamp":"2025-08-17T10:10:11.787Z"}
{"body":{"email":{"email":"123@gmail.com","password":"123"}},"ip":"::1","level":"info","message":"[POST] /api/user/login","params":{},"query":{},"timestamp":"2025-08-17T10:10:16.794Z"}
{"body":{"email":{"email":"123@gmail.com","password":"123"}},"ip":"::1","level":"info","message":"[POST] /api/user/login","params":{},"query":{},"timestamp":"2025-08-17T10:10:50.766Z"}
{"body":{"email":{"email":"123@gmail.com","password":"123"}},"ip":"::1","level":"info","message":"[POST] /api/user/login","params":{},"query":{},"timestamp":"2025-08-17T10:10:56.027Z"}
{"body":{"email":{"email":"123@gmail.com","password":"123"}},"ip":"::1","level":"info","message":"[POST] /api/user/login","params":{},"query":{},"timestamp":"2025-08-17T10:11:37.428Z"}
{"body":{"email":"123@gmail.com","password":"123"},"ip":"::1","level":"info","message":"[POST] /api/user/login","params":{},"query":{},"timestamp":"2025-08-17T10:15:34.239Z"}
{"body":{"email":"123@gmail.com","password":"123"},"ip":"::1","level":"info","message":"[POST] /api/user/login","params":{},"query":{},"timestamp":"2025-08-17T10:17:45.982Z"}
{"body":{"email":"123@gmail.com","password":"123"},"ip":"::1","level":"info","message":"[POST] /api/user/login","params":{},"query":{},"timestamp":"2025-08-17T10:18:15.309Z"}
{"body":{"email":"123@gmail.com","password":"123"},"ip":"::1","level":"info","message":"[POST] /api/user/login","params":{},"query":{},"timestamp":"2025-08-17T10:18:17.713Z"}
{"body":{"email":"123@gmail.com","password":"123"},"ip":"::1","level":"info","message":"[POST] /api/user/login","params":{},"query":{},"timestamp":"2025-08-17T10:18:27.354Z"}
{"body":{"email":"123@gmail.com","password":"123"},"ip":"::1","level":"info","message":"[POST] /api/user/login","params":{},"query":{},"timestamp":"2025-08-17T10:19:31.130Z"}
{"body":{"email":"123@gmail.com","password":"123"},"ip":"::1","level":"info","message":"[POST] /api/user/login","params":{},"query":{},"timestamp":"2025-08-17T10:21:03.969Z"}
{"body":{"email":"123@gmail.com","password":"123"},"ip":"::1","level":"info","message":"[POST] /api/user/login","params":{},"query":{},"timestamp":"2025-08-17T10:22:16.642Z"}
{"body":{"email":"123@gmail.com","password":"123"},"ip":"::1","level":"info","message":"[POST] /api/user/login","params":{},"query":{},"timestamp":"2025-08-17T10:22:42.033Z"}
{"body":{"email":"123@gmail.com","password":"123"},"ip":"::1","level":"info","message":"[POST] /api/user/login","params":{},"query":{},"timestamp":"2025-08-17T10:25:11.792Z"}
{"body":{"email":"123@gmail.com","password":"123"},"ip":"::1","level":"info","message":"[POST] /api/user/login","params":{},"query":{},"timestamp":"2025-08-17T10:28:14.016Z"}
{"body":{"email":"123@gmail.com","password":"123"},"ip":"::1","level":"info","message":"[POST] /api/user/login","params":{},"query":{},"timestamp":"2025-08-17T10:28:29.594Z"}
{"body":{"email":"123@gmail.com","password":"123"},"ip":"::1","level":"info","message":"[POST] /api/user/login","params":{},"query":{},"timestamp":"2025-08-17T10:28:56.610Z"}
{"body":{"email":"123@gmail.com","password":"123"},"ip":"::1","level":"info","message":"[POST] /api/user/login","params":{},"query":{},"timestamp":"2025-08-17T10:33:58.114Z"}
{"body":{"email":"123@gmail.com","password":"123"},"ip":"::1","level":"info","message":"[POST] /api/user/login","params":{},"query":{},"timestamp":"2025-08-17T10:36:06.219Z"}
{"body":{"email":"123@gmail.com","password":"123"},"ip":"::1","level":"info","message":"[POST] /api/user/login","params":{},"query":{},"timestamp":"2025-08-17T10:39:47.142Z"}
{"body":{"email":"123@gmail.com","password":"123"},"ip":"::1","level":"info","message":"[POST] /api/user/login","params":{},"query":{},"timestamp":"2025-08-17T10:42:26.464Z"}
{"body":{"email":"123@gmail.com","password":"123"},"ip":"::1","level":"info","message":"[POST] /api/user/login","params":{},"query":{},"timestamp":"2025-08-17T10:42:46.413Z"}
{"body":{"email":"123@gmail.com","password":"123"},"ip":"::1","level":"info","message":"[POST] /api/user/login","params":{},"query":{},"timestamp":"2025-08-17T10:42:58.588Z"}
{"body":{"email":"123@gmail.com","password":"123"},"ip":"::1","level":"info","message":"[POST] /api/user/login","params":{},"query":{},"timestamp":"2025-08-17T10:43:11.208Z"}
{"body":{"email":"123@gmail.com","password":"123"},"ip":"::1","level":"info","message":"[POST] /api/user/login","params":{},"query":{},"timestamp":"2025-08-17T10:45:27.204Z"}
{"body":{"email":"123@gmail.com","password":"123"},"ip":"::1","level":"info","message":"[POST] /api/user/login","params":{},"query":{},"timestamp":"2025-08-17T10:45:42.993Z"}
{"body":{"email":"123@gmail.com","password":"123"},"ip":"::1","level":"info","message":"[POST] /api/user/login","params":{},"query":{},"timestamp":"2025-08-17T10:47:04.250Z"}
{"body":{"email":"123@gmail.com","password":"123"},"ip":"::1","level":"info","message":"[POST] /api/user/login","params":{},"query":{},"timestamp":"2025-08-17T10:47:22.958Z"}
{"body":{"email":"123@gmail.com","password":"123"},"ip":"::1","level":"info","message":"[POST] /api/user/login","params":{},"query":{},"timestamp":"2025-08-17T10:48:42.666Z"}
{"body":{"email":"123@gmail.com","password":"123"},"ip":"::1","level":"info","message":"[POST] /api/user/login","params":{},"query":{},"timestamp":"2025-08-17T10:50:14.760Z"}
{"body":{"email":"123@gmail.com","password":"123"},"ip":"::1","level":"info","message":"[POST] /api/user/login","params":{},"query":{},"timestamp":"2025-08-18T04:16:49.644Z"}
{"body":{"email":"123@gmail.com","password":"123"},"ip":"::1","level":"info","message":"[POST] /api/user/login","params":{},"query":{},"timestamp":"2025-08-22T04:35:41.365Z"}
{"body":{"email":"123@gmail.com","password":"123"},"ip":"::1","level":"info","message":"[POST] /api/user/login","params":{},"query":{},"timestamp":"2025-08-22T04:36:20.832Z"}
{"body":{"email":"123@gmail.com","password":"123"},"ip":"::1","level":"info","message":"[POST] /api/user/login","params":{},"query":{},"timestamp":"2025-08-22T05:49:39.320Z"}
{"body":{"email":"123@gmail.com","password":"1234"},"ip":"::1","level":"info","message":"[POST] /api/user/login","params":{},"query":{},"timestamp":"2025-08-22T05:51:09.286Z"}
{"body":{"email":"123@gmail.com","password":"1234"},"ip":"::1","level":"info","message":"[POST] /api/user/login","params":{},"query":{},"timestamp":"2025-08-22T05:52:10.984Z"}
{"body":{"refreshToken":"eyJhbGciOiJIUzI1NiIsInR5cCI6IkpXVCJ9.eyJpZCI6MSwiaWF0IjoxNzU1NDkwNjE0LCJleHAiOjE3NTYwOTU0MTR9._1EZnI1parHjFEAzs5m6qj4LWvKU-tGLJDTSuIStD5w"},"ip":"::1","level":"info","message":"[PUT] /api/user/refresh-token","params":{},"query":{},"timestamp":"2025-08-22T05:52:13.047Z"}
{"body":{"email":"123@gmail.com","password":"123"},"ip":"::1","level":"info","message":"[POST] /api/user/login","params":{},"query":{},"timestamp":"2025-08-22T05:52:33.635Z"}
{"body":{"email":"123@gmail.com","password":"123"},"ip":"::1","level":"info","message":"[POST] /api/user/login","params":{},"query":{},"timestamp":"2025-08-22T05:52:49.973Z"}
{"body":{"email":"123@gmail.com","password":"123"},"ip":"::1","level":"info","message":"[POST] /api/user/login","params":{},"query":{},"timestamp":"2025-08-22T05:53:03.278Z"}
{"body":{"email":"123@gmail.com","password":"123"},"ip":"::1","level":"info","message":"[POST] /api/user/login","params":{},"query":{},"timestamp":"2025-08-22T06:03:49.061Z"}
{"body":{"email":"123@gmail.com","password":"123"},"ip":"::1","level":"info","message":"[POST] /api/user/login","params":{},"query":{},"timestamp":"2025-08-22T06:04:10.792Z"}
{"body":{"email":"123@gmail.com","password":"123"},"ip":"::1","level":"info","message":"[POST] /api/user/login","params":{},"query":{},"timestamp":"2025-08-22T06:06:10.676Z"}
{"body":{"email":"123@gmail.com","password":"123"},"ip":"::1","level":"info","message":"[POST] /api/user/login","params":{},"query":{},"timestamp":"2025-08-22T06:06:16.667Z"}
{"body":{"email":"123@gmail.com","password":"123"},"ip":"::1","level":"info","message":"[POST] /api/user/login","params":{},"query":{},"timestamp":"2025-08-22T06:06:25.915Z"}
{"body":{"email":"123@gmail.com","password":"123"},"ip":"::1","level":"info","message":"[POST] /api/user/login","params":{},"query":{},"timestamp":"2025-08-22T06:11:41.574Z"}
{"body":{"email":"123@gmail.com","password":"123"},"ip":"::1","level":"info","message":"[POST] /api/user/login","params":{},"query":{},"timestamp":"2025-08-22T06:12:12.565Z"}
{"body":{"email":"123@gmail.com","password":"123"},"ip":"::1","level":"info","message":"[POST] /api/user/login","params":{},"query":{},"timestamp":"2025-08-22T06:12:35.391Z"}
{"body":{"email":"123@gmail.com","password":"123"},"ip":"::1","level":"info","message":"[POST] /api/user/login","params":{},"query":{},"timestamp":"2025-08-22T06:12:38.129Z"}
{"body":{"email":"123@gmail.com","password":"123"},"ip":"::1","level":"info","message":"[POST] /api/user/login","params":{},"query":{},"timestamp":"2025-08-22T06:12:42.756Z"}
{"body":{"email":"123@gmail.com","password":"123"},"ip":"::1","level":"info","message":"[POST] /api/user/login","params":{},"query":{},"timestamp":"2025-08-22T06:12:55.516Z"}
{"body":{"email":"123@gmail.com","password":"123"},"ip":"::1","level":"info","message":"[POST] /api/user/login","params":{},"query":{},"timestamp":"2025-08-22T06:13:14.953Z"}
{"body":{"email":"123@gmail.com","password":"123"},"ip":"::1","level":"info","message":"[POST] /api/user/login","params":{},"query":{},"timestamp":"2025-08-22T06:13:45.729Z"}
{"body":{"email":"123@gmail.com","password":"123"},"ip":"::1","level":"info","message":"[POST] /api/user/login","params":{},"query":{},"timestamp":"2025-08-22T06:13:56.703Z"}
{"body":{"email":"123@gmail.com","password":"123"},"ip":"::1","level":"info","message":"[POST] /api/user/login","params":{},"query":{},"timestamp":"2025-08-22T06:14:27.913Z"}
{"body":{"email":"123@gmail.com","password":"123"},"ip":"::1","level":"info","message":"[POST] /api/user/login","params":{},"query":{},"timestamp":"2025-08-22T06:14:57.327Z"}
{"body":{"email":"123@gmail.com","password":"123"},"ip":"::1","level":"info","message":"[POST] /api/user/login","params":{},"query":{},"timestamp":"2025-08-22T06:15:09.956Z"}
{"body":{"email":"admin@gmail.com","name":"admin","password":"admin","phone_number":"admin"},"ip":"::1","level":"info","message":"[POST] /api/user/register","params":{},"query":{},"timestamp":"2025-08-22T06:17:47.635Z"}
{"body":{"email":"admin@gmail.com","password":"admin"},"ip":"::1","level":"info","message":"[POST] /api/user/login","params":{},"query":{},"timestamp":"2025-08-22T06:18:01.644Z"}
